

> @trustmed/core-frontend@0.1.0 build /home/sithmal/Desktop/SDGP/TrustMed/apps/core-frontend
> next build

[33m[1m⚠[22m[39m Warning: Next.js inferred your workspace root, but it may not be correct.
 We detected multiple lockfiles and selected the directory of /home/sithmal/Desktop/SDGP/TrustMed/pnpm-lock.yaml as the root directory.
 To silence this warning, set `turbopack.root` in your Next.js config, or consider removing one of the lockfiles if it's not needed.
   See https://nextjs.org/docs/app/api-reference/config/next-config-js/turbopack#root-directory for more information.
 Detected additional lockfiles: 
   * /home/sithmal/Desktop/SDGP/TrustMed/apps/core-frontend/pnpm-lock.yaml

[35m[1mAttention[22m[39m: Next.js now collects completely anonymous telemetry regarding usage.
This information is used to shape Next.js' roadmap and prioritize features.
You can learn more, including how to opt-out if you'd not like to participate in this anonymous program, by visiting the following URL:
[36mhttps://nextjs.org/telemetry[39m

[1m[38;2;173;127;168m▲ Next.js 16.1.2[39m[22m (Turbopack)

[37m[1m [22m[39m Creating an optimized production build ...
[32m[1m✓[22m[39m Compiled successfully in 12.2s
[37m[1m [22m[39m Skipping validation of types
[?25l[37m[1m [22m[39m Collecting page data using 7 workers  [36m.[39m[2K[1G[37m[1m [22m[39m Collecting page data using 7 workers  [36m..[39m[2K[1G[37m[1m [22m[39m Collecting page data using 7 workers  [36m...[39m[2K[1G[37m[1m [22m[39m Collecting page data using 7 workers  [36m.[39m[2K[1G[?25h[37m[1m [22m[39m Collecting page data using 7 workers in 791.5ms    [32m[1m✓[22m[39m Collecting page data using 7 workers in 791.5ms 
[?25l[37m[1m [22m[39m Generating static pages using 7 workers (0/10)  [36m[    ][39m[2K[1G[37m[1m [22m[39m Generating static pages using 7 workers (0/10)  [36m[=   ][39m[2K[1G[?25h[32m[1m✓[22m[39m Generating static pages using 7 workers (10/10) in 342.5ms
[?25l[37m[1m [22m[39m Finalizing page optimization  [36m.[39m[2K[1G[?25h[37m[1m [22m[39m Finalizing page optimization in 18.2ms    [32m[1m✓[22m[39m Finalizing page optimization in 18.2ms 

[4mRoute (app)[24m
┌ ○ /
├ ○ /_not-found
├ ○ /icon.png
├ ○ /legal/cookies
├ ○ /legal/privacy
├ ○ /legal/terms
├ ○ /portal
├ ○ /signin
└ ○ /signup


○  (Static)  prerendered as static content

[?25h
